Arguments: 
  /Users/spikedingo/.nvm/versions/node/v14.17.5/bin/node /Users/spikedingo/.nvm/versions/node/v14.17.5/bin/yarn

PATH: 
  /opt/local/bin:/opt/local/sbin:/usr/local/bin:/usr/bin:/bin:/usr/sbin:/sbin:/Library/Apple/usr/bin:/Users/spikedingo/.nvm/versions/node/v14.17.5/bin:/opt/local/bin:/opt/local/sbin

Yarn version: 
  1.22.11

Node version: 
  14.17.5

Platform: 
  darwin x64

Trace: 
  Error: https://registry.yarnpkg.com/@web3-react%2fwalletconnect-qrmodal: Not found
      at Request.params.callback [as _callback] (/Users/spikedingo/.nvm/versions/node/v14.17.5/lib/node_modules/yarn/lib/cli.js:66992:18)
      at Request.self.callback (/Users/spikedingo/.nvm/versions/node/v14.17.5/lib/node_modules/yarn/lib/cli.js:140763:22)
      at Request.emit (events.js:400:28)
      at Request.<anonymous> (/Users/spikedingo/.nvm/versions/node/v14.17.5/lib/node_modules/yarn/lib/cli.js:141735:10)
      at Request.emit (events.js:400:28)
      at IncomingMessage.<anonymous> (/Users/spikedingo/.nvm/versions/node/v14.17.5/lib/node_modules/yarn/lib/cli.js:141657:12)
      at Object.onceWrapper (events.js:519:28)
      at IncomingMessage.emit (events.js:412:35)
      at endReadableNT (internal/streams/readable.js:1317:12)
      at processTicksAndRejections (internal/process/task_queues.js:82:21)

npm manifest: 
  {
    "name": "@web3-react/vewallet",
    "keywords": [
      "web3-react",
      "veWallet"
    ],
    "author": "Spike Wang <spike.wang@vimworld.com>",
    "license": "GPL-3.0-or-later",
    "repository": "github:NoahZinsmeister/web3-react",
    "publishConfig": {
      "access": "public"
    },
    "version": "8.0.27-beta.0",
    "files": [
      "dist/*"
    ],
    "type": "commonjs",
    "types": "./dist/index.d.ts",
    "main": "./dist/index.js",
    "exports": "./dist/index.js",
    "scripts": {
      "prebuild": "rm -rf dist",
      "build": "tsc",
      "start": "tsc --watch"
    },
    "dependencies": {
      "@web3-react/types": "^8.0.13-beta.0",
      "@web3-react/walletconnect-qrmodal": "2.0.0-beta.26",
      "eventemitter3": "^4.0.7",
      "@walletconnect/legacy-types": "^2.0.0-beta.26",
      "@walletconnect/legacy-utils": "^2.0.0-beta.26",
      "copy-to-clipboard": "^3.3.1",
      "preact": "10.4.1",
      "qrcode": "1.4.4"
    },
    "peerDependencies": {
      "@walletconnect/client": "^1.7.8"
    },
    "devDependencies": {
      "@web3-react/store": "^8.0.18-beta.0",
      "@babel/cli": "^7.12.1",
      "@babel/core": "^7.12.3",
      "@babel/node": "^7.12.1",
      "@babel/polyfill": "^7.12.1",
      "@babel/preset-env": "^7.12.1",
      "@babel/preset-typescript": "^7.12.1",
      "@babel/register": "^7.12.1",
      "@types/chai": "^4.2.14",
      "@types/jest": "^22.2.3",
      "@types/mocha": "^8.0.4",
      "@types/node": "^14.14.2",
      "@types/qrcode": "^1.3.4",
      "@types/react": "^16.9.36",
      "chai": "^4.2.0",
      "core-js": "^3.6.5",
      "css-loader": "^3.5.3",
      "eslint": "^5.16.0",
      "eslint-config-prettier": "^6.10.0",
      "eslint-config-standard": "^12.0.0",
      "eslint-plugin-import": "^2.20.1",
      "eslint-plugin-node": "^9.2.0",
      "eslint-plugin-prettier": "^3.1.2",
      "eslint-plugin-promise": "^4.2.1",
      "eslint-plugin-react": "^7.19.0",
      "eslint-plugin-standard": "^4.0.1",
      "microbundle": "^0.11.0",
      "mocha": "^8.2.1",
      "npm-run-all": "^4.1.5",
      "style-loader": "^1.2.0",
      "svg-url-loader": "^5.0.0",
      "ts-loader": "^6.2.2",
      "ts-node": "^9.0.0",
      "typescript": "^3.7.5",
      "webpack": "^4.41.5",
      "webpack-cli": "^3.3.10"
    }
  }

yarn manifest: 
  No manifest

Lockfile: 
  # THIS IS AN AUTOGENERATED FILE. DO NOT EDIT THIS FILE DIRECTLY.
  # yarn lockfile v1
  
  
  "@ethersproject/address@^5":
    version "5.6.0"
    resolved "https://registry.npmjs.org/@ethersproject/address/-/address-5.6.0.tgz#13c49836d73e7885fc148ad633afad729da25012"
    integrity sha512-6nvhYXjbXsHPS+30sHZ+U4VMagFC/9zAk6Gd/h3S21YW4+yfb0WfRtaAIZ4kfM4rrVwqiy284LP0GtL5HXGLxQ==
    dependencies:
      "@ethersproject/bignumber" "^5.6.0"
      "@ethersproject/bytes" "^5.6.0"
      "@ethersproject/keccak256" "^5.6.0"
      "@ethersproject/logger" "^5.6.0"
      "@ethersproject/rlp" "^5.6.0"
  
  "@ethersproject/bignumber@^5.6.0":
    version "5.6.0"
    resolved "https://registry.npmjs.org/@ethersproject/bignumber/-/bignumber-5.6.0.tgz#116c81b075c57fa765a8f3822648cf718a8a0e26"
    integrity sha512-VziMaXIUHQlHJmkv1dlcd6GY2PmT0khtAqaMctCIDogxkrarMzA9L94KN1NeXqqOfFD6r0sJT3vCTOFSmZ07DA==
    dependencies:
      "@ethersproject/bytes" "^5.6.0"
      "@ethersproject/logger" "^5.6.0"
      bn.js "^4.11.9"
  
  "@ethersproject/bytes@^5.6.0":
    version "5.6.1"
    resolved "https://registry.npmjs.org/@ethersproject/bytes/-/bytes-5.6.1.tgz#24f916e411f82a8a60412344bf4a813b917eefe7"
    integrity sha512-NwQt7cKn5+ZE4uDn+X5RAXLp46E1chXoaMmrxAyA0rblpxz8t58lVkrHXoRIn0lz1joQElQ8410GqhTqMOwc6g==
    dependencies:
      "@ethersproject/logger" "^5.6.0"
  
  "@ethersproject/keccak256@^5.6.0":
    version "5.6.0"
    resolved "https://registry.npmjs.org/@ethersproject/keccak256/-/keccak256-5.6.0.tgz#fea4bb47dbf8f131c2e1774a1cecbfeb9d606459"
    integrity sha512-tk56BJ96mdj/ksi7HWZVWGjCq0WVl/QvfhFQNeL8fxhBlGoP+L80uDCiQcpJPd+2XxkivS3lwRm3E0CXTfol0w==
    dependencies:
      "@ethersproject/bytes" "^5.6.0"
      js-sha3 "0.8.0"
  
  "@ethersproject/logger@^5.6.0":
    version "5.6.0"
    resolved "https://registry.npmjs.org/@ethersproject/logger/-/logger-5.6.0.tgz#d7db1bfcc22fd2e4ab574cba0bb6ad779a9a3e7a"
    integrity sha512-BiBWllUROH9w+P21RzoxJKzqoqpkyM1pRnEKG69bulE9TSQD8SAIvTQqIMZmmCO8pUNkgLP1wndX1gKghSpBmg==
  
  "@ethersproject/rlp@^5.6.0":
    version "5.6.0"
    resolved "https://registry.npmjs.org/@ethersproject/rlp/-/rlp-5.6.0.tgz#55a7be01c6f5e64d6e6e7edb6061aa120962a717"
    integrity sha512-dz9WR1xpcTL+9DtOT/aDO+YyxSSdO8YIS0jyZwHHSlAmnxA6cKU3TrTd4Xc/bHayctxTgGLYNuVVoiXE4tTq1g==
    dependencies:
      "@ethersproject/bytes" "^5.6.0"
      "@ethersproject/logger" "^5.6.0"
  
  "@web3-react/store@^8.0.18-beta.0":
    version "8.0.18-beta.0"
    resolved "https://registry.npmjs.org/@web3-react/store/-/store-8.0.18-beta.0.tgz#abaa64ccaaba1c413b3b59c5b1269af2c24fdf27"
    integrity sha512-Sr3q+8Kzkx3xJKUUkMdzXVphBsN2zn+ncFCCEvvywzl3WLulerP3dfZeGLh09FQpMJVgkISOgdQAyaIso02/cA==
    dependencies:
      "@ethersproject/address" "^5"
      "@web3-react/types" "^8.0.13-beta.0"
      zustand "^4.0.0-rc.0"
  
  "@web3-react/types@^8.0.13-beta.0":
    version "8.0.13-beta.0"
    resolved "https://registry.npmjs.org/@web3-react/types/-/types-8.0.13-beta.0.tgz#00db010b3e5fd01900b294783c63be1bdcdb398a"
    integrity sha512-QFMQWJfMvFBm7Cpc3/ijL2gmjdYVeshpg1KGIgGhgeZem3AIVBt1GmnjLrl9Z8kl1MFDdvLWInWdX0EI7Tx4rQ==
    dependencies:
      zustand "^4.0.0-rc.0"
  
  bn.js@^4.11.9:
    version "4.12.0"
    resolved "https://registry.npmjs.org/bn.js/-/bn.js-4.12.0.tgz#775b3f278efbb9718eec7361f483fb36fbbfea88"
    integrity sha512-c98Bf3tPniI+scsdk237ku1Dc3ujXQTSgyiPUDEOe7tRkhrqridvh8klBv0HCEso1OLOYcHuCv/cS6DNxKH+ZA==
  
  eventemitter3@^4.0.7:
    version "4.0.7"
    resolved "https://registry.yarnpkg.com/eventemitter3/-/eventemitter3-4.0.7.tgz#2de9b68f6528d5644ef5c59526a1b4a07306169f"
    integrity sha512-8guHBZCwKnFhYdHr2ysuRWErTwhoN2X8XELRlrRwpmfeY2jjuUN4taQMsULKUVo1K4DvZl+0pgfyoysHxvmvEw==
  
  js-sha3@0.8.0:
    version "0.8.0"
    resolved "https://registry.npmjs.org/js-sha3/-/js-sha3-0.8.0.tgz#b9b7a5da73afad7dedd0f8c463954cbde6818840"
    integrity sha512-gF1cRrHhIzNfToc802P800N8PpXS+evLLXfsVpowqmAFR9uwbi89WvXg2QspOmXL8QL86J4T1EpFu+yUkwJY3Q==
  
  use-sync-external-store@1.1.0:
    version "1.1.0"
    resolved "https://registry.npmjs.org/use-sync-external-store/-/use-sync-external-store-1.1.0.tgz#3343c3fe7f7e404db70f8c687adf5c1652d34e82"
    integrity sha512-SEnieB2FPKEVne66NpXPd1Np4R1lTNKfjuy3XdIoPQKYBAFdzbzSZlSn1KJZUiihQLQC5Znot4SBz1EOTBwQAQ==
  
  zustand@^4.0.0-rc.0:
    version "4.0.0-rc.1"
    resolved "https://registry.npmjs.org/zustand/-/zustand-4.0.0-rc.1.tgz#ec30a3afc03728adec7e1bd7bcc3592176372201"
    integrity sha512-qgcs7zLqBdHu0PuT3GW4WCIY5SgXdsv30GQMu9Qpp1BA2aS+sNS8l4x0hWuyEhjXkN+701aGWawhKDv6oWJAcw==
    dependencies:
      use-sync-external-store "1.1.0"
